This is pdfTeX, Version 3.1415926-2.3-1.40.12 (TeX Live 2011) (format=pdflatex 2011.7.3)  30 MAY 2012 20:16
entering extended mode
 restricted \write18 enabled.
 %&-line parsing enabled.
**report.tex
(./report.tex
LaTeX2e <2009/09/24>
Babel <v3.8l> and hyphenation patterns for english, dumylang, nohyphenation, ge
rman-x-2009-06-19, ngerman-x-2009-06-19, afrikaans, ancientgreek, ibycus, arabi
c, armenian, basque, bulgarian, catalan, pinyin, coptic, croatian, czech, danis
h, dutch, ukenglish, usenglishmax, esperanto, estonian, ethiopic, farsi, finnis
h, french, galician, german, ngerman, swissgerman, monogreek, greek, hungarian,
 icelandic, assamese, bengali, gujarati, hindi, kannada, malayalam, marathi, or
iya, panjabi, tamil, telugu, indonesian, interlingua, irish, italian, kurmanji,
 lao, latin, latvian, lithuanian, mongolian, mongolianlmc, bokmal, nynorsk, pol
ish, portuguese, romanian, russian, sanskrit, serbian, serbianc, slovak, sloven
ian, spanish, swedish, turkish, turkmen, ukrainian, uppersorbian, welsh, loaded
.
(/usr/local/texlive/2011/texmf-dist/tex/latex/base/report.cls
Document Class: report 2007/10/19 v1.4h Standard LaTeX document class
(/usr/local/texlive/2011/texmf-dist/tex/latex/base/size11.clo
File: size11.clo 2007/10/19 v1.4h Standard LaTeX file (size option)
)
\c@part=\count79
\c@chapter=\count80
\c@section=\count81
\c@subsection=\count82
\c@subsubsection=\count83
\c@paragraph=\count84
\c@subparagraph=\count85
\c@figure=\count86
\c@table=\count87
\abovecaptionskip=\skip41
\belowcaptionskip=\skip42
\bibindent=\dimen102
)
(/usr/local/texlive/2011/texmf-dist/tex/generic/babel/babel.sty
Package: babel 2008/07/06 v3.8l The Babel package

(/usr/local/texlive/2011/texmf-dist/tex/generic/babel/portuges.ldf
Language: portuges 2008/03/18 v1.2q Portuguese support from the babel system

(/usr/local/texlive/2011/texmf-dist/tex/generic/babel/babel.def
File: babel.def 2008/07/06 v3.8l Babel common definitions
\babel@savecnt=\count88
\U@D=\dimen103
)
Package babel Info: Making " an active character on input line 145.
))
(/usr/local/texlive/2011/texmf-dist/tex/latex/tools/indentfirst.sty
Package: indentfirst 1995/11/23 v1.03 Indent first paragraph (DPC)
)
(/usr/local/texlive/2011/texmf-dist/tex/latex/base/inputenc.sty
Package: inputenc 2008/03/30 v1.1d Input encoding file
\inpenc@prehook=\toks14
\inpenc@posthook=\toks15

(/usr/local/texlive/2011/texmf-dist/tex/latex/base/latin1.def
File: latin1.def 2008/03/30 v1.1d Input encoding file
))
(/usr/local/texlive/2011/texmf-dist/tex/latex/base/fontenc.sty
Package: fontenc 2005/09/27 v1.99g Standard LaTeX package

(/usr/local/texlive/2011/texmf-dist/tex/latex/base/t1enc.def
File: t1enc.def 2005/09/27 v1.99g Standard LaTeX file
LaTeX Font Info:    Redeclaring font encoding T1 on input line 43.
))
(/usr/local/texlive/2011/texmf-dist/tex/latex/titlepic/titlepic.sty
Package: titlepic 2009/08/03 1.1 Package to display a picture on the title page

)
(/usr/local/texlive/2011/texmf-dist/tex/latex/listings/listings.sty
(/usr/local/texlive/2011/texmf-dist/tex/latex/graphics/keyval.sty
Package: keyval 1999/03/16 v1.13 key=value parser (DPC)
\KV@toks@=\toks16
)
\lst@mode=\count89
\lst@gtempboxa=\box26
\lst@token=\toks17
\lst@length=\count90
\lst@currlwidth=\dimen104
\lst@column=\count91
\lst@pos=\count92
\lst@lostspace=\dimen105
\lst@width=\dimen106
\lst@newlines=\count93
\lst@lineno=\count94
\lst@maxwidth=\dimen107

(/usr/local/texlive/2011/texmf-dist/tex/latex/listings/lstmisc.sty
File: lstmisc.sty 2007/02/22 1.4 (Carsten Heinz)
\c@lstnumber=\count95
\lst@skipnumbers=\count96
\lst@framebox=\box27
)
(/usr/local/texlive/2011/texmf-dist/tex/latex/listings/listings.cfg
File: listings.cfg 2007/02/22 1.4 listings configuration
))
Package: listings 2007/02/22 1.4 (Carsten Heinz)

(/usr/local/texlive/2011/texmf-dist/tex/latex/graphics/graphicx.sty
Package: graphicx 1999/02/16 v1.0f Enhanced LaTeX Graphics (DPC,SPQR)

(/usr/local/texlive/2011/texmf-dist/tex/latex/graphics/graphics.sty
Package: graphics 2009/02/05 v1.0o Standard LaTeX Graphics (DPC,SPQR)

(/usr/local/texlive/2011/texmf-dist/tex/latex/graphics/trig.sty
Package: trig 1999/03/16 v1.09 sin cos tan (DPC)
)
(/usr/local/texlive/2011/texmf-dist/tex/latex/latexconfig/graphics.cfg
File: graphics.cfg 2010/04/23 v1.9 graphics configuration of TeX Live
)
Package graphics Info: Driver file: pdftex.def on input line 91.

(/usr/local/texlive/2011/texmf-dist/tex/latex/pdftex-def/pdftex.def
File: pdftex.def 2011/05/27 v0.06d Graphics/color for pdfTeX

(/usr/local/texlive/2011/texmf-dist/tex/generic/oberdiek/infwarerr.sty
Package: infwarerr 2010/04/08 v1.3 Providing info/warning/message (HO)
)
(/usr/local/texlive/2011/texmf-dist/tex/generic/oberdiek/ltxcmds.sty
Package: ltxcmds 2011/04/18 v1.20 LaTeX kernel commands for general use (HO)
)
\Gread@gobject=\count97
))
\Gin@req@height=\dimen108
\Gin@req@width=\dimen109
)
(./report.aux)
\openout1 = `report.aux'.

LaTeX Font Info:    Checking defaults for OML/cmm/m/it on input line 15.
LaTeX Font Info:    ... okay on input line 15.
LaTeX Font Info:    Checking defaults for T1/cmr/m/n on input line 15.
LaTeX Font Info:    ... okay on input line 15.
LaTeX Font Info:    Checking defaults for OT1/cmr/m/n on input line 15.
LaTeX Font Info:    ... okay on input line 15.
LaTeX Font Info:    Checking defaults for OMS/cmsy/m/n on input line 15.
LaTeX Font Info:    ... okay on input line 15.
LaTeX Font Info:    Checking defaults for OMX/cmex/m/n on input line 15.
LaTeX Font Info:    ... okay on input line 15.
LaTeX Font Info:    Checking defaults for U/cmr/m/n on input line 15.
LaTeX Font Info:    ... okay on input line 15.
\c@lstlisting=\count98

(/usr/local/texlive/2011/texmf-dist/tex/context/base/supp-pdf.mkii
[Loading MPS to PDF converter (version 2006.09.02).]
\scratchcounter=\count99
\scratchdimen=\dimen110
\scratchbox=\box28
\nofMPsegments=\count100
\nofMParguments=\count101
\everyMPshowfont=\toks18
\MPscratchCnt=\count102
\MPscratchDim=\dimen111
\MPnumerator=\count103
\makeMPintoPDFobject=\count104
\everyMPtoPDFconversion=\toks19
) (/usr/local/texlive/2011/texmf-dist/tex/generic/oberdiek/pdftexcmds.sty
Package: pdftexcmds 2011/04/22 v0.16 Utilities of pdfTeX for LuaTeX (HO)

(/usr/local/texlive/2011/texmf-dist/tex/generic/oberdiek/ifluatex.sty
Package: ifluatex 2010/03/01 v1.3 Provides the ifluatex switch (HO)
Package ifluatex Info: LuaTeX not detected.
)
(/usr/local/texlive/2011/texmf-dist/tex/generic/oberdiek/ifpdf.sty
Package: ifpdf 2011/01/30 v2.3 Provides the ifpdf switch (HO)
Package ifpdf Info: pdfTeX in PDF mode is detected.
)
Package pdftexcmds Info: LuaTeX not detected.
Package pdftexcmds Info: \pdf@primitive is available.
Package pdftexcmds Info: \pdf@ifprimitive is available.
Package pdftexcmds Info: \pdfdraftmode found.
)
(/usr/local/texlive/2011/texmf-dist/tex/latex/oberdiek/epstopdf-base.sty
Package: epstopdf-base 2010/02/09 v2.5 Base part for package epstopdf

(/usr/local/texlive/2011/texmf-dist/tex/latex/oberdiek/grfext.sty
Package: grfext 2010/08/19 v1.1 Managing graphics extensions (HO)

(/usr/local/texlive/2011/texmf-dist/tex/generic/oberdiek/kvdefinekeys.sty
Package: kvdefinekeys 2011/04/07 v1.3 Defining keys (HO)
))
(/usr/local/texlive/2011/texmf-dist/tex/latex/oberdiek/kvoptions.sty
Package: kvoptions 2010/12/23 v3.10 Keyval support for LaTeX options (HO)

(/usr/local/texlive/2011/texmf-dist/tex/generic/oberdiek/kvsetkeys.sty
Package: kvsetkeys 2011/04/07 v1.13 Key value parser (HO)

(/usr/local/texlive/2011/texmf-dist/tex/generic/oberdiek/etexcmds.sty
Package: etexcmds 2011/02/16 v1.5 Prefix for e-TeX command names (HO)
Package etexcmds Info: Could not find \expanded.
(etexcmds)             That can mean that you are not using pdfTeX 1.50 or
(etexcmds)             that some package has redefined \expanded.
(etexcmds)             In the latter case, load this package earlier.
)))
Package grfext Info: Graphics extension search list:
(grfext)             [.png,.pdf,.jpg,.mps,.jpeg,.jbig2,.jb2,.PNG,.PDF,.JPG,.JPE
G,.JBIG2,.JB2,.eps]
(grfext)             \AppendGraphicsExtensions on input line 452.

(/usr/local/texlive/2011/texmf-dist/tex/latex/latexconfig/epstopdf-sys.cfg
File: epstopdf-sys.cfg 2010/07/13 v1.3 Configuration of (r)epstopdf for TeX Liv
e
))
<feup.jpg, id=1, 331.2375pt x 100.2144pt>
File: feup.jpg Graphic file (type jpg)
 <use feup.jpg>
Package pdftex.def Info: feup.jpg used on input line 24.
(pdftex.def)             Requested size: 331.23668pt x 100.21414pt.
LaTeX Font Info:    External font `cmex10' loaded for size
(Font)              <10.95> on input line 30.
LaTeX Font Info:    External font `cmex10' loaded for size
(Font)              <8> on input line 30.
LaTeX Font Info:    External font `cmex10' loaded for size
(Font)              <6> on input line 30.
 [1

{/usr/local/texlive/2011/texmf-var/fonts/map/pdftex/updmap/pdftex.map} <./feup.
jpg>] (./report.toc)
\tf@toc=\write3
\openout3 = `report.toc'.

[1

]
 .

Underfull \hbox (badness 10000) in paragraph at lines 60--61

 []

[2

]
 .
LaTeX Font Info:    Try loading font information for OMS+cmr on input line 70.
(/usr/local/texlive/2011/texmf-dist/tex/latex/base/omscmr.fd
File: omscmr.fd 1999/05/25 v2.5h Standard LaTeX font definitions
)
LaTeX Font Info:    Font shape `OMS/cmr/m/n' in size <10.95> not available
(Font)              Font shape `OMS/cmsy/m/n' tried instead on input line 70.

<estrutura.png, id=22, 1044.90375pt x 606.265pt>
File: estrutura.png Graphic file (type png)
 <use estrutura.png>
Package pdftex.def Info: estrutura.png used on input line 97.
(pdftex.def)             Requested size: 360.0pt x 208.87488pt.

Overfull \hbox (17.0pt too wide) in paragraph at lines 96--98
[][] 
 []

[3

] <Server.png, id=29, 602.25pt x 451.6875pt>
File: Server.png Graphic file (type png)
 <use Server.png>
Package pdftex.def Info: Server.png used on input line 101.
(pdftex.def)             Requested size: 360.0pt x 270.00832pt.

Overfull \hbox (17.0pt too wide) in paragraph at lines 101--102
[][] 
 []

<Client.png, id=30, 574.39594pt x 285.31593pt>
File: Client.png Graphic file (type png)
 <use Client.png>
Package pdftex.def Info: Client.png used on input line 103.
(pdftex.def)             Requested size: 360.0pt x 178.82268pt.

Overfull \hbox (17.0pt too wide) in paragraph at lines 103--104
[][] 
 []

<StockBroker.png, id=31, 628.59843pt x 391.4625pt> [4 <./estrutura.png> <./Serv
er.png>]
File: StockBroker.png Graphic file (type png)
 <use StockBroker.png>
Package pdftex.def Info: StockBroker.png used on input line 105.
(pdftex.def)             Requested size: 360.0pt x 224.18723pt.

Overfull \hbox (17.0pt too wide) in paragraph at lines 105--106
[][] 
 []

<WebSite.png, id=35, 375.65344pt x 307.1475pt>
File: WebSite.png Graphic file (type png)
 <use WebSite.png>
Package pdftex.def Info: WebSite.png used on input line 108.
(pdftex.def)             Requested size: 251.9989pt x 206.04552pt.
 [5 <./Client.png> <./StockBroker.png>] [6 <./WebSite.png>]
 .

Underfull \hbox (badness 10000) in paragraph at lines 116--117

 []

[7

] [8]
 .
<Client1.jpg, id=49, 522.45187pt x 270.25969pt>
File: Client1.jpg Graphic file (type jpg)
 <use Client1.jpg>
Package pdftex.def Info: Client1.jpg used on input line 139.
(pdftex.def)             Requested size: 360.0pt x 186.22781pt.

Overfull \hbox (17.0pt too wide) in paragraph at lines 138--140
[][] 
 []

<Client2.jpg, id=50, 522.45187pt x 268.75406pt>
File: Client2.jpg Graphic file (type jpg)
 <use Client2.jpg>
Package pdftex.def Info: Client2.jpg used on input line 146.
(pdftex.def)             Requested size: 360.0pt x 185.19034pt.

Overfull \hbox (17.0pt too wide) in paragraph at lines 145--147
[][] 
 []

[9

 <./Client1.jpg> <./Client2.jpg>] <Web.png, id=54, 1084.05pt x 677.53125pt>
File: Web.png Graphic file (type png)

<use Web.png>
Package pdftex.def Info: Web.png used on input line 154.
(pdftex.def)             Requested size: 360.0pt x 225.00233pt.

Overfull \hbox (17.0pt too wide) in paragraph at lines 153--155
[][] 
 []

<Web1.png, id=55, 1084.05pt x 677.53125pt>
File: Web1.png Graphic file (type png)
 <use Web1.png>
Package pdftex.def Info: Web1.png used on input line 161.
(pdftex.def)             Requested size: 360.0pt x 225.00233pt.

Overfull \hbox (17.0pt too wide) in paragraph at lines 160--162
[][] 
 []

[10 <./Web.png> <./Web1.png>] <Web2.png, id=59, 1084.05pt x 677.53125pt>
File: Web2.png Graphic file (type png)

<use Web2.png>
Package pdftex.def Info: Web2.png used on input line 168.
(pdftex.def)             Requested size: 360.0pt x 225.00233pt.

Overfull \hbox (17.0pt too wide) in paragraph at lines 167--169
[][] 
 []

File: StockBroker.png Graphic file (type png)
<use StockBroker.png>
Package pdftex.def Info: StockBroker.png used on input line 175.
(pdftex.def)             Requested size: 360.0pt x 224.18723pt.

Overfull \hbox (17.0pt too wide) in paragraph at lines 174--176
[][] 
 []

[11 <./Web2.png>] <StockBroker1.png, id=63, 370.38374pt x 223.58531pt>
File: StockBroker1.png Graphic file (type png)

<use StockBroker1.png>
Package pdftex.def Info: StockBroker1.png used on input line 182.
(pdftex.def)             Requested size: 360.0pt x 217.32098pt.

Overfull \hbox (17.0pt too wide) in paragraph at lines 181--183
[][] 
 []

<SearchResult.png, id=64, 1084.05pt x 677.53125pt>
File: SearchResult.png Graphic file (type png)
 <use SearchResult.png>
Package pdftex.def Info: SearchResult.png used on input line 189.
(pdftex.def)             Requested size: 360.0pt x 225.00233pt.

Overfull \hbox (17.0pt too wide) in paragraph at lines 188--190
[][] 
 []

[12 <./StockBroker1.png> <./SearchResult.png>]
<StockBroker3.jpg, id=69, 368.87813pt x 224.33812pt>
File: StockBroker3.jpg Graphic file (type jpg)
 <use StockBroker3.jpg>
Package pdftex.def Info: StockBroker3.jpg used on input line 196.
(pdftex.def)             Requested size: 360.0pt x 218.9393pt.

Overfull \hbox (17.0pt too wide) in paragraph at lines 195--197
[][] 
 []

<StockBroker4.jpg, id=70, 369.63094pt x 225.09094pt>
File: StockBroker4.jpg Graphic file (type jpg)
 <use StockBroker4.jpg>
Package pdftex.def Info: StockBroker4.jpg used on input line 203.
(pdftex.def)             Requested size: 360.0pt x 219.2275pt.

Overfull \hbox (17.0pt too wide) in paragraph at lines 202--204
[][] 
 []

[13 <./StockBroker3.jpg> <./StockBroker4.jpg>]
<emailNotification.png, id=74, 229.60782pt x 93.34875pt>
File: emailNotification.png Graphic file (type png)

<use emailNotification.png>
Package pdftex.def Info: emailNotification.png used on input line 210.
(pdftex.def)             Requested size: 143.9978pt x 58.5465pt.

Overfull \hbox (17.0pt too wide) in paragraph at lines 209--211
[][] 
 []

<email.jpg, id=75, 670.00313pt x 181.42781pt>
File: email.jpg Graphic file (type jpg)
 <use email.jpg>
Package pdftex.def Info: email.jpg used on input line 217.
(pdftex.def)             Requested size: 360.0pt x 97.48232pt.

Overfull \hbox (17.0pt too wide) in paragraph at lines 216--218
[][] 
 []

[14 <./emailNotification.png> <./email.jpg>]
 .

Underfull \hbox (badness 10000) in paragraph at lines 221--222

 []


Underfull \hbox (badness 10000) in paragraph at lines 223--224

 []


Underfull \hbox (badness 10000) in paragraph at lines 225--226

 []


Underfull \hbox (badness 10000) in paragraph at lines 227--228

 []

[15

] (./report.aux) ) 
Here is how much of TeX's memory you used:
 3534 strings out of 493633
 48863 string characters out of 3143378
 104691 words of memory out of 3000000
 6769 multiletter control sequences out of 15000+200000
 17499 words of font info for 38 fonts, out of 3000000 for 9000
 831 hyphenation exceptions out of 8191
 37i,5n,32p,413b,219s stack positions out of 5000i,500n,10000p,200000b,50000s
{/usr/local/texlive/2011/texmf-dist/fonts/enc/dvips/cm-super/
cm-super-t1.enc}</usr/local/texlive/2011/texmf-dist/fonts/type1/public/amsfonts
/cm/cmsy10.pfb></usr/local/texlive/2011/texmf-dist/fonts/type1/public/cm-super/
sfbx1095.pfb></usr/local/texlive/2011/texmf-dist/fonts/type1/public/cm-super/sf
bx1200.pfb></usr/local/texlive/2011/texmf-dist/fonts/type1/public/cm-super/sfbx
1440.pfb></usr/local/texlive/2011/texmf-dist/fonts/type1/public/cm-super/sfbx24
88.pfb></usr/local/texlive/2011/texmf-dist/fonts/type1/public/cm-super/sfcc0800
.pfb></usr/local/texlive/2011/texmf-dist/fonts/type1/public/cm-super/sfcc1095.p
fb></usr/local/texlive/2011/texmf-dist/fonts/type1/public/cm-super/sfcc1200.pfb
></usr/local/texlive/2011/texmf-dist/fonts/type1/public/cm-super/sfcc1728.pfb><
/usr/local/texlive/2011/texmf-dist/fonts/type1/public/cm-super/sfrm1095.pfb></u
sr/local/texlive/2011/texmf-dist/fonts/type1/public/cm-super/sfrm1200.pfb></usr
/local/texlive/2011/texmf-dist/fonts/type1/public/cm-super/sfti1095.pfb>
Output written on report.pdf (16 pages, 1522962 bytes).
PDF statistics:
 122 PDF objects out of 1000 (max. 8388607)
 74 compressed objects within 1 object stream
 0 named destinations out of 1000 (max. 500000)
 86 words of extra memory for PDF output out of 10000 (max. 10000000)

